<?xml version="1.0" encoding="utf-8"?><testsuites name="pytest tests"><testsuite name="pytest" errors="0" failures="0" skipped="0" tests="9" time="1.582" timestamp="2026-05-03T16:28:40.995622+00:00" hostname="agent-env-62b2be83-77c2-4eeb-ba2b-43dfba874b1c"><testcase classname="backend.tests.test_droyal_api.TestHealth" name="test_root_api" time="0.211" /><testcase classname="backend.tests.test_droyal_api.TestReservations" name="test_create_reservation_minimal" time="0.146" /><testcase classname="backend.tests.test_droyal_api.TestReservations" name="test_create_reservation_full" time="0.109" /><testcase classname="backend.tests.test_droyal_api.TestReservations" name="test_create_reservation_missing_required" time="0.228" /><testcase classname="backend.tests.test_droyal_api.TestReservations" name="test_list_reservations_no_objectid" time="0.246" /><testcase classname="backend.tests.test_droyal_api.TestReservations" name="test_create_reservation_persists" time="0.194" /><testcase classname="backend.tests.test_droyal_api.TestLeads" name="test_create_lead_with_phone" time="0.149" /><testcase classname="backend.tests.test_droyal_api.TestLeads" name="test_create_lead_with_email" time="0.121" /><testcase classname="backend.tests.test_droyal_api.TestLeads" name="test_create_lead_no_contact_returns_400" time="0.146" /></testsuite></testsuites>